Arguments: 
  C:\Program Files\nodejs\node.exe C:\Program Files\nodejs\node_modules\yarn\bin\yarn.js

PATH: 
  E:\Development Environment\Git\mingw64\bin;E:\Development Environment\Git\usr\bin;C:\Users\Administrator\bin;C:\WINDOWS\system32;C:\WINDOWS;C:\WINDOWS\System32\Wbem;C:\WINDOWS\System32\WindowsPowerShell\v1.0;C:\WINDOWS\System32\OpenSSH;C:\Program Files\Intel\WiFi\bin;C:\Program Files\Common Files\Intel\WirelessCommon;E:\Development Environment\Git\cmd;node_global;C:\Program Files\dotnet;E:\Development-Environment\nvm;C:\Program Files\nodejs;E:\Development Environment\Yarn\bin;C:\Program Files\MySQL\MySQL Shell 8.0\bin;E:\Integrated Development Environment\Microsoft VS Code\bin;E:\Integrated Development Environment\WebStorm\bin;E:\Development-Environment\nvm;C:\Program Files\nodejs;C:\Users\Administrator\AppData\Local\Yarn\bin;C:\Users\Administrator\AppData\Local\Microsoft\WindowsApps

Yarn version: 
  1.22.4

Node version: 
  13.13.0

Platform: 
  win32 x64

Trace: 
  Error: connect ETIMEDOUT 104.16.24.35:443
      at TCPConnectWrap.afterConnect [as oncomplete] (net.js:1141:16)

npm manifest: 
  {
    "name": "coding",
    "version": "1.0.0",
    "description": "A template to practice test of LeetCode",
    "main": "index.js",
    "author": "Eve",
    "license": "MIT",
    "devDependencies": {
      "@types/node": "^14.0.5",
      "ts-node": "~8.3.0",
      "tslint": "~5.19.0",
      "typescript": "~3.8.3"
    }
  }

yarn manifest: 
  No manifest

Lockfile: 
  No lockfile
